<?xml version="1.0" encoding="UTF-8"?>
<testng-results ignored="0" total="4" passed="3" failed="1" skipped="0">
  <reporter-output>
  </reporter-output>
  <suite started-at="2023-11-01T17:06:09 IST" name="OrganeHRM Testsuite" finished-at="2023-11-01T17:06:20 IST" duration-ms="11409">
    <groups>
    </groups>
    <test started-at="2023-11-01T17:06:09 IST" name="AdminLoginwithValidData" finished-at="2023-11-01T17:06:11 IST" duration-ms="2377">
      <class name="TestCasesNG.adminLoginwithValidDataNG">
        <test-method signature="CheckAdmin(java.lang.String,java.lang.String)[pri:0, instance:TestCasesNG.adminLoginwithValidDataNG@294425a7]" started-at="2023-11-01T17:06:09 IST" name="CheckAdmin" finished-at="2023-11-01T17:06:11 IST" duration-ms="2347" status="PASS">
          <params>
            <param index="0">
              <value>
                <![CDATA[Admin]]>
              </value>
            </param>
            <param index="1">
              <value>
                <![CDATA[Qedge123!@#]]>
              </value>
            </param>
          </params>
          <reporter-output>
          </reporter-output>
        </test-method> <!-- CheckAdmin -->
      </class> <!-- TestCasesNG.adminLoginwithValidDataNG -->
    </test> <!-- AdminLoginwithValidData -->
    <test started-at="2023-11-01T17:06:11 IST" name="AdminwithInvalidData" finished-at="2023-11-01T17:06:11 IST" duration-ms="0">
      <class name="TestCasesNG.AdminLoginwithInvalidDataNG">
        <test-method signature="CheckAdminwithInvalidData(java.lang.String,java.lang.String)[pri:0, instance:TestCasesNG.AdminLoginwithInvalidDataNG@747ddf94]" started-at="2023-11-01T17:06:11 IST" name="CheckAdminwithInvalidData" finished-at="2023-11-01T17:06:11 IST" duration-ms="0" status="FAIL">
          <exception class="org.testng.TestNGException">
            <message>
              <![CDATA[
Cannot inject @Test annotated Method [CheckAdminwithInvalidData] with [class java.lang.String, class java.lang.String].
For more information on native dependency injection please refer to https://testng.org/doc/documentation-main.html#native-dependency-injection]]>
            </message>
            <full-stacktrace>
              <![CDATA[org.testng.TestNGException: 
Cannot inject @Test annotated Method [CheckAdminwithInvalidData] with [class java.lang.String, class java.lang.String].
For more information on native dependency injection please refer to https://testng.org/doc/documentation-main.html#native-dependency-injection
at org.testng.internal.Parameters.checkParameterTypes(Parameters.java:436)
at org.testng.internal.Parameters.createParametersForMethod(Parameters.java:350)
at org.testng.internal.Parameters.createParameters(Parameters.java:693)
at org.testng.internal.Parameters.handleParameters(Parameters.java:879)
at org.testng.internal.Parameters.handleParameters(Parameters.java:728)
at org.testng.internal.invokers.ParameterHandler.handleParameters(ParameterHandler.java:72)
at org.testng.internal.invokers.ParameterHandler.createParameters(ParameterHandler.java:51)
at org.testng.internal.invokers.TestInvoker$MethodInvocationAgent.invoke(TestInvoker.java:911)
at org.testng.internal.invokers.TestInvoker.invokeTestMethods(TestInvoker.java:200)
at org.testng.internal.invokers.TestMethodWorker.invokeTestMethods(TestMethodWorker.java:148)
at org.testng.internal.invokers.TestMethodWorker.run(TestMethodWorker.java:128)
at java.base/java.util.ArrayList.forEach(ArrayList.java:1511)
at org.testng.TestRunner.privateRun(TestRunner.java:848)
at org.testng.TestRunner.run(TestRunner.java:621)
at org.testng.SuiteRunner.runTest(SuiteRunner.java:443)
at org.testng.SuiteRunner.runSequentially(SuiteRunner.java:437)
at org.testng.SuiteRunner.privateRun(SuiteRunner.java:397)
at org.testng.SuiteRunner.run(SuiteRunner.java:336)
at org.testng.SuiteRunnerWorker.runSuite(SuiteRunnerWorker.java:52)
at org.testng.SuiteRunnerWorker.run(SuiteRunnerWorker.java:95)
at org.testng.TestNG.runSuitesSequentially(TestNG.java:1280)
at org.testng.TestNG.runSuitesLocally(TestNG.java:1200)
at org.testng.TestNG.runSuites(TestNG.java:1114)
at org.testng.TestNG.run(TestNG.java:1082)
at org.testng.remote.AbstractRemoteTestNG.run(AbstractRemoteTestNG.java:115)
at org.testng.remote.RemoteTestNG.initAndRun(RemoteTestNG.java:251)
at org.testng.remote.RemoteTestNG.main(RemoteTestNG.java:77)
]]>
            </full-stacktrace>
          </exception> <!-- org.testng.TestNGException -->
          <reporter-output>
          </reporter-output>
        </test-method> <!-- CheckAdminwithInvalidData -->
      </class> <!-- TestCasesNG.AdminLoginwithInvalidDataNG -->
    </test> <!-- AdminwithInvalidData -->
    <test started-at="2023-11-01T17:06:11 IST" name="AddEmployee" finished-at="2023-11-01T17:06:15 IST" duration-ms="4056">
      <class name="TestCasesNG.EmployeeLogin">
        <test-method is-config="true" signature="AdminLOgin()[pri:0, instance:TestCasesNG.EmployeeLogin@6aeb35e6]" started-at="2023-11-01T17:06:11 IST" name="AdminLOgin" finished-at="2023-11-01T17:06:12 IST" duration-ms="789" status="PASS">
          <reporter-output>
          </reporter-output>
        </test-method> <!-- AdminLOgin -->
        <test-method signature="checkemplogin(java.lang.String,java.lang.String)[pri:0, instance:TestCasesNG.EmployeeLogin@6aeb35e6]" started-at="2023-11-01T17:06:12 IST" name="checkemplogin" finished-at="2023-11-01T17:06:14 IST" duration-ms="2719" status="PASS">
          <params>
            <param index="0">
              <value>
                <![CDATA[Anils]]>
              </value>
            </param>
            <param index="1">
              <value>
                <![CDATA[sap]]>
              </value>
            </param>
          </params>
          <reporter-output>
          </reporter-output>
        </test-method> <!-- checkemplogin -->
        <test-method is-config="true" signature="Logout()[pri:0, instance:TestCasesNG.EmployeeLogin@6aeb35e6]" started-at="2023-11-01T17:06:14 IST" name="Logout" finished-at="2023-11-01T17:06:15 IST" duration-ms="546" status="PASS">
          <reporter-output>
          </reporter-output>
        </test-method> <!-- Logout -->
      </class> <!-- TestCasesNG.EmployeeLogin -->
    </test> <!-- AddEmployee -->
    <test started-at="2023-11-01T17:06:15 IST" name="EmployeeRegTests" finished-at="2023-11-01T17:06:20 IST" duration-ms="4908">
      <class name="TestCasesNG.EmployeeRegTest">
        <test-method is-config="true" signature="LaunchApp()[pri:0, instance:TestCasesNG.EmployeeRegTest@38d8f54a]" started-at="2023-11-01T17:06:05 IST" name="LaunchApp" finished-at="2023-11-01T17:06:09 IST" duration-ms="3753" status="PASS">
          <reporter-output>
          </reporter-output>
        </test-method> <!-- LaunchApp -->
        <test-method is-config="true" signature="AdminLOgin()[pri:0, instance:TestCasesNG.EmployeeRegTest@38d8f54a]" started-at="2023-11-01T17:06:15 IST" name="AdminLOgin" finished-at="2023-11-01T17:06:16 IST" duration-ms="847" status="PASS">
          <reporter-output>
          </reporter-output>
        </test-method> <!-- AdminLOgin -->
        <test-method signature="checkEmp(java.lang.String,java.lang.String,java.lang.String,java.lang.String)[pri:0, instance:TestCasesNG.EmployeeRegTest@38d8f54a]" started-at="2023-11-01T17:06:16 IST" name="checkEmp" finished-at="2023-11-01T17:06:19 IST" duration-ms="3524" status="PASS">
          <params>
            <param index="0">
              <value>
                <![CDATA[ESS]]>
              </value>
            </param>
            <param index="1">
              <value>
                <![CDATA[Anils sap]]>
              </value>
            </param>
            <param index="2">
              <value>
                <![CDATA[Anilssap123]]>
              </value>
            </param>
            <param index="3">
              <value>
                <![CDATA[MissioN@0375]]>
              </value>
            </param>
          </params>
          <reporter-output>
          </reporter-output>
        </test-method> <!-- checkEmp -->
        <test-method is-config="true" signature="Logout()[pri:0, instance:TestCasesNG.EmployeeRegTest@38d8f54a]" started-at="2023-11-01T17:06:19 IST" name="Logout" finished-at="2023-11-01T17:06:20 IST" duration-ms="532" status="PASS">
          <reporter-output>
          </reporter-output>
        </test-method> <!-- Logout -->
        <test-method is-config="true" signature="closeApp()[pri:0, instance:TestCasesNG.EmployeeRegTest@38d8f54a]" started-at="2023-11-01T17:06:20 IST" name="closeApp" finished-at="2023-11-01T17:06:20 IST" duration-ms="101" status="PASS">
          <reporter-output>
          </reporter-output>
        </test-method> <!-- closeApp -->
      </class> <!-- TestCasesNG.EmployeeRegTest -->
    </test> <!-- EmployeeRegTests -->
  </suite> <!-- OrganeHRM Testsuite -->
</testng-results>
