<?xml version="1.0" encoding="UTF-8"?>
<!-- Generated by org.testng.reporters.JUnitXMLReporter -->
<testsuite ignored="0" hostname="LAPTOP-17NE75K8" failures="1" tests="1" name="AdminwithInvalidData" time="0.0" errors="0" timestamp="2023-11-01T17:06:11 IST">
  <testcase classname="TestCasesNG.AdminLoginwithInvalidDataNG" name="CheckAdminwithInvalidData" time="0.0">
    <failure type="org.testng.TestNGException" message="
Cannot inject @Test annotated Method [CheckAdminwithInvalidData] with [class java.lang.String, class java.lang.String].
For more information on native dependency injection please refer to https://testng.org/doc/documentation-main.html#native-dependency-injection">
      <![CDATA[org.testng.TestNGException: 
Cannot inject @Test annotated Method [CheckAdminwithInvalidData] with [class java.lang.String, class java.lang.String].
For more information on native dependency injection please refer to https://testng.org/doc/documentation-main.html#native-dependency-injection
at java.base/java.util.ArrayList.forEach(ArrayList.java:1511)
... Removed 26 stack frames]]>
    </failure>
  </testcase> <!-- CheckAdminwithInvalidData -->
</testsuite> <!-- AdminwithInvalidData -->
