<?xml version="1.0" encoding="UTF-8"?>
<testng-results ignored="0" total="2" passed="2" failed="0" skipped="0">
  <reporter-output>
  </reporter-output>
  <suite started-at="2023-11-02T22:12:27 IST" name="OrangeDDT" finished-at="2023-11-02T22:13:24 IST" duration-ms="56861">
    <groups>
    </groups>
    <test started-at="2023-11-02T22:12:27 IST" name="AdminvalidwithDDT" finished-at="2023-11-02T22:13:09 IST" duration-ms="41884">
      <class name="Testcases.AdminLoginwithTestData">
        <test-method signature="checkadminloginpage()[pri:0, instance:Testcases.AdminLoginwithTestData@16ec5519]" started-at="2023-11-02T22:12:27 IST" name="checkadminloginpage" finished-at="2023-11-02T22:13:09 IST" duration-ms="41847" status="PASS">
          <reporter-output>
          </reporter-output>
        </test-method> <!-- checkadminloginpage -->
      </class> <!-- Testcases.AdminLoginwithTestData -->
    </test> <!-- AdminvalidwithDDT -->
    <test started-at="2023-11-02T22:13:09 IST" name="AdmininValidDDT" finished-at="2023-11-02T22:13:24 IST" duration-ms="14928">
      <class name="Testcases.AdminLoginwithInValidData">
        <test-method is-config="true" signature="LaunchApp()[pri:0, instance:Testcases.AdminLoginwithInValidData@4f18837a]" started-at="2023-11-02T22:11:45 IST" name="LaunchApp" finished-at="2023-11-02T22:12:27 IST" duration-ms="41969" status="PASS">
          <reporter-output>
          </reporter-output>
        </test-method> <!-- LaunchApp -->
        <test-method signature="checkAdminLogin()[pri:0, instance:Testcases.AdminLoginwithInValidData@4f18837a]" started-at="2023-11-02T22:13:09 IST" name="checkAdminLogin" finished-at="2023-11-02T22:13:24 IST" duration-ms="14925" status="PASS">
          <reporter-output>
          </reporter-output>
        </test-method> <!-- checkAdminLogin -->
        <test-method is-config="true" signature="closeApp()[pri:0, instance:Testcases.AdminLoginwithInValidData@4f18837a]" started-at="2023-11-02T22:13:24 IST" name="closeApp" finished-at="2023-11-02T22:13:24 IST" duration-ms="196" status="PASS">
          <reporter-output>
          </reporter-output>
        </test-method> <!-- closeApp -->
      </class> <!-- Testcases.AdminLoginwithInValidData -->
    </test> <!-- AdmininValidDDT -->
  </suite> <!-- OrangeDDT -->
</testng-results>
